<?xml version="1.0" encoding="UTF-8"?>
<!-- Generated by org.testng.reporters.JUnitReportReporter -->
<testsuite name="com.matryxsoft.website.matryxsoft.reRunFailedTestNG" tests="1" time="0.126" ignored="0" failures="0" timestamp="03 May 2019 08:18:30 GMT" skipped="0" hostname="USER-PC" errors="0">
  <testcase name="reRunFailedTests" time="0.126" classname="com.matryxsoft.website.matryxsoft.reRunFailedTestNG"/>
</testsuite> <!-- com.matryxsoft.website.matryxsoft.reRunFailedTestNG -->
