<?xml version="1.0" encoding="UTF-8"?>
<!-- Generated by org.testng.reporters.JUnitReportReporter -->
<testsuite name="com.matryxsoft.website.matryxsoft.VerifyAddDetails" tests="1" time="73.795" ignored="0" failures="0" timestamp="30 May 2019 12:11:08 GMT" skipped="0" hostname="USER-PC" errors="0">
  <testcase name="checkfirstname" time="73.795" classname="com.matryxsoft.website.matryxsoft.VerifyAddDetails"/>
</testsuite> <!-- com.matryxsoft.website.matryxsoft.VerifyAddDetails -->
