<?xml version="1.0" encoding="UTF-8"?>
<!-- Generated by org.testng.reporters.JUnitReportReporter -->
<testsuite name="com.matryxsoft.website.matryxsoft.VerifyAddDetails" tests="1" time="46.093" ignored="0" failures="0" timestamp="30 May 2019 08:45:54 GMT" skipped="0" hostname="USER-PC" errors="0">
  <testcase name="checkfirstname" time="46.093" classname="com.matryxsoft.website.matryxsoft.VerifyAddDetails"/>
</testsuite> <!-- com.matryxsoft.website.matryxsoft.VerifyAddDetails -->
