<?xml version="1.0" encoding="UTF-8"?>
<!-- Generated by org.testng.reporters.JUnitReportReporter -->
<testsuite name="parallelExecution.Test04" tests="1" time="0.001" ignored="0" failures="0" timestamp="03 May 2019 11:49:26 GMT" skipped="1" hostname="USER-PC" errors="0">
  <testcase name="testLink" time="0.001" classname="parallelExecution.Test04">
    <skipped/>
  </testcase> <!-- testLink -->
</testsuite> <!-- parallelExecution.Test04 -->
