<?xml version="1.0" encoding="UTF-8"?>
<!-- Generated by org.testng.reporters.JUnitReportReporter -->
<testsuite name="com.matryxsoft.website.matryxsoft.reRunFailedTestNG" tests="1" time="3.173" ignored="0" failures="0" timestamp="06 May 2019 05:26:04 GMT" skipped="0" hostname="USER-PC" errors="0">
  <testcase name="reRunFailedTests" time="3.173" classname="com.matryxsoft.website.matryxsoft.reRunFailedTestNG"/>
</testsuite> <!-- com.matryxsoft.website.matryxsoft.reRunFailedTestNG -->
