<?xml version="1.0" encoding="UTF-8"?>
<!-- Generated by org.testng.reporters.JUnitReportReporter -->
<testsuite name="customreport.extentreports" tests="1" time="0.779" ignored="0" failures="0" timestamp="06 May 2019 06:49:20 GMT" skipped="0" hostname="USER-PC" errors="0">
  <testcase name="loginTest" time="0.779" classname="customreport.extentreports"/>
</testsuite> <!-- customreport.extentreports -->
