<?xml version="1.0" encoding="UTF-8"?>
<!-- Generated by org.testng.reporters.JUnitReportReporter -->
<testsuite name="customreport.extentreports" tests="1" time="0.733" ignored="0" failures="0" timestamp="03 May 2019 10:02:47 GMT" skipped="0" hostname="USER-PC" errors="0">
  <testcase name="loginTest" time="0.733" classname="customreport.extentreports"/>
</testsuite> <!-- customreport.extentreports -->
